<?xml version="1.0" encoding="UTF-8"?>
<!-- Generated by org.testng.reporters.JUnitXMLReporter -->
<testsuite ignored="0" hostname="DESKTOP-CLTTIEV" failures="0" tests="6" name="Test" time="187.288" errors="0" timestamp="2023-06-03T17:32:22 IST">
  <testcase classname="testcases.Signuptest" name="signuppage" time="14.487"/>
  <testcase classname="testcases.Logintest" name="login" time="2.074"/>
  <testcase classname="testcases.Logintest" name="loginwithinvalidmail" time="1.931"/>
  <testcase classname="testcases.Logintest" name="loginwithinvalidpassword" time="2.03"/>
  <testcase classname="testcases.Onewaytest" name="onewaytest" time="43.255"/>
  <testcase classname="testcases.Roundtriptest" name="roundtest" time="53.646"/>
</testsuite> <!-- Test -->
