<?xml version="1.0" encoding="UTF-8"?>
<testng-results ignored="0" total="6" passed="6" failed="0" skipped="0">
  <reporter-output>
  </reporter-output>
  <suite started-at="2023-06-03T17:29:15 IST" name="Suite" finished-at="2023-06-03T17:32:22 IST" duration-ms="187288">
    <groups>
    </groups>
    <test started-at="2023-06-03T17:29:15 IST" name="Test" finished-at="2023-06-03T17:32:22 IST" duration-ms="187288">
      <class name="testcases.Signuptest">
        <test-method is-config="true" signature="startup()[pri:0, instance:testcases.Signuptest@4944252c]" started-at="2023-06-03T17:29:15 IST" name="startup" finished-at="2023-06-03T17:29:27 IST" duration-ms="12021" status="PASS">
          <reporter-output>
          </reporter-output>
        </test-method> <!-- startup -->
        <test-method signature="signuppage()[pri:0, instance:testcases.Signuptest@4944252c]" started-at="2023-06-03T17:29:27 IST" name="signuppage" finished-at="2023-06-03T17:29:41 IST" duration-ms="14487" status="PASS">
          <reporter-output>
          </reporter-output>
        </test-method> <!-- signuppage -->
        <test-method is-config="true" signature="close()[pri:0, instance:testcases.Signuptest@4944252c]" started-at="2023-06-03T17:29:41 IST" name="close" finished-at="2023-06-03T17:29:42 IST" duration-ms="444" status="PASS">
          <reporter-output>
          </reporter-output>
        </test-method> <!-- close -->
      </class> <!-- testcases.Signuptest -->
      <class name="testcases.Roundtriptest">
        <test-method is-config="true" signature="startup()[pri:0, instance:testcases.Roundtriptest@1ba9117e]" started-at="2023-06-03T17:31:16 IST" name="startup" finished-at="2023-06-03T17:31:28 IST" duration-ms="12088" status="PASS">
          <reporter-output>
          </reporter-output>
        </test-method> <!-- startup -->
        <test-method signature="roundtest()[pri:0, instance:testcases.Roundtriptest@1ba9117e]" started-at="2023-06-03T17:31:28 IST" name="roundtest" finished-at="2023-06-03T17:32:22 IST" duration-ms="53646" status="PASS">
          <reporter-output>
          </reporter-output>
        </test-method> <!-- roundtest -->
        <test-method is-config="true" signature="close()[pri:0, instance:testcases.Roundtriptest@1ba9117e]" started-at="2023-06-03T17:32:22 IST" name="close" finished-at="2023-06-03T17:32:22 IST" duration-ms="590" status="PASS">
          <reporter-output>
          </reporter-output>
        </test-method> <!-- close -->
      </class> <!-- testcases.Roundtriptest -->
      <class name="testcases.Logintest">
        <test-method is-config="true" signature="startup()[pri:0, instance:testcases.Logintest@44821a96]" started-at="2023-06-03T17:29:42 IST" name="startup" finished-at="2023-06-03T17:29:52 IST" duration-ms="10565" status="PASS">
          <reporter-output>
          </reporter-output>
        </test-method> <!-- startup -->
        <test-method signature="login()[pri:0, instance:testcases.Logintest@44821a96]" started-at="2023-06-03T17:29:52 IST" name="login" finished-at="2023-06-03T17:29:55 IST" duration-ms="2074" status="PASS">
          <reporter-output>
          </reporter-output>
        </test-method> <!-- login -->
        <test-method is-config="true" signature="close()[pri:0, instance:testcases.Logintest@44821a96]" started-at="2023-06-03T17:29:55 IST" name="close" finished-at="2023-06-03T17:29:55 IST" duration-ms="381" status="PASS">
          <reporter-output>
          </reporter-output>
        </test-method> <!-- close -->
        <test-method is-config="true" signature="startup()[pri:0, instance:testcases.Logintest@44821a96]" started-at="2023-06-03T17:29:55 IST" name="startup" finished-at="2023-06-03T17:30:06 IST" duration-ms="10768" status="PASS">
          <reporter-output>
          </reporter-output>
        </test-method> <!-- startup -->
        <test-method signature="loginwithinvalidmail()[pri:0, instance:testcases.Logintest@44821a96]" started-at="2023-06-03T17:30:06 IST" name="loginwithinvalidmail" finished-at="2023-06-03T17:30:08 IST" duration-ms="1931" status="PASS">
          <reporter-output>
          </reporter-output>
        </test-method> <!-- loginwithinvalidmail -->
        <test-method is-config="true" signature="close()[pri:0, instance:testcases.Logintest@44821a96]" started-at="2023-06-03T17:30:08 IST" name="close" finished-at="2023-06-03T17:30:08 IST" duration-ms="422" status="PASS">
          <reporter-output>
          </reporter-output>
        </test-method> <!-- close -->
        <test-method is-config="true" signature="startup()[pri:0, instance:testcases.Logintest@44821a96]" started-at="2023-06-03T17:30:08 IST" name="startup" finished-at="2023-06-03T17:30:19 IST" duration-ms="10847" status="PASS">
          <reporter-output>
          </reporter-output>
        </test-method> <!-- startup -->
        <test-method signature="loginwithinvalidpassword()[pri:0, instance:testcases.Logintest@44821a96]" started-at="2023-06-03T17:30:19 IST" name="loginwithinvalidpassword" finished-at="2023-06-03T17:30:21 IST" duration-ms="2030" status="PASS">
          <reporter-output>
          </reporter-output>
        </test-method> <!-- loginwithinvalidpassword -->
        <test-method is-config="true" signature="close()[pri:0, instance:testcases.Logintest@44821a96]" started-at="2023-06-03T17:30:21 IST" name="close" finished-at="2023-06-03T17:30:21 IST" duration-ms="464" status="PASS">
          <reporter-output>
          </reporter-output>
        </test-method> <!-- close -->
      </class> <!-- testcases.Logintest -->
      <class name="testcases.Onewaytest">
        <test-method is-config="true" signature="startup()[pri:0, instance:testcases.Onewaytest@a3d8174]" started-at="2023-06-03T17:30:21 IST" name="startup" finished-at="2023-06-03T17:30:32 IST" duration-ms="10484" status="PASS">
          <reporter-output>
          </reporter-output>
        </test-method> <!-- startup -->
        <test-method signature="onewaytest()[pri:0, instance:testcases.Onewaytest@a3d8174]" started-at="2023-06-03T17:30:32 IST" name="onewaytest" finished-at="2023-06-03T17:31:15 IST" duration-ms="43255" status="PASS">
          <reporter-output>
          </reporter-output>
        </test-method> <!-- onewaytest -->
        <test-method is-config="true" signature="close()[pri:0, instance:testcases.Onewaytest@a3d8174]" started-at="2023-06-03T17:31:15 IST" name="close" finished-at="2023-06-03T17:31:16 IST" duration-ms="711" status="PASS">
          <reporter-output>
          </reporter-output>
        </test-method> <!-- close -->
      </class> <!-- testcases.Onewaytest -->
    </test> <!-- Test -->
  </suite> <!-- Suite -->
</testng-results>
